<?xml version="1.0" encoding="UTF-8"?>
<!-- Generated by org.testng.reporters.JUnitReportReporter -->
<testsuite hostname="Rutvik" failures="0" tests="1" name="test.test2" time="0.028" errors="0" timestamp="2023-12-12T16:37:31 IST" skipped="0">
  <testcase classname="test.test2" name="test4" time="0.028">
    <system-out>
      <![CDATA[Bangalore]]>
    </system-out>
  </testcase> <!-- test4 -->
  <system-out>
    <![CDATA[Bangalore]]>
  </system-out>
</testsuite> <!-- test.test2 -->
