<?xml version="1.0" encoding="UTF-8"?>
<!-- Generated by org.testng.reporters.JUnitReportReporter -->
<testsuite hostname="Rutvik" failures="0" tests="6" name="test.invoke" time="0.052" errors="0" timestamp="2023-12-12T16:39:38 IST" skipped="0">
  <testcase classname="test.invoke" name="test1" time="0.006">
    <system-out>
      <![CDATA[hello]]>
    </system-out>
  </testcase> <!-- test1 -->
  <testcase classname="test.invoke" name="test1" time="0.006">
    <system-out>
      <![CDATA[hello]]>
    </system-out>
  </testcase> <!-- test1 -->
  <testcase classname="test.invoke" name="test2" time="0.007">
    <system-out>
      <![CDATA[india]]>
    </system-out>
  </testcase> <!-- test2 -->
  <testcase classname="test.invoke" name="test2" time="0.005">
    <system-out>
      <![CDATA[india]]>
    </system-out>
  </testcase> <!-- test2 -->
  <testcase classname="test.invoke" name="test1" time="0.019">
    <system-out>
      <![CDATA[hello]]>
    </system-out>
  </testcase> <!-- test1 -->
  <testcase classname="test.invoke" name="test2" time="0.009">
    <system-out>
      <![CDATA[india]]>
    </system-out>
  </testcase> <!-- test2 -->
  <system-out>
    <![CDATA[hello
hello
hello
india
india
india]]>
  </system-out>
</testsuite> <!-- test.invoke -->
