<?xml version="1.0" encoding="UTF-8"?>
<!-- Generated by org.testng.reporters.JUnitReportReporter -->
<testsuite hostname="Rutvik" failures="0" tests="2" name="test.demo1" time="0.032" errors="0" timestamp="2023-12-15T15:37:38 IST" skipped="0">
  <testcase classname="test.demo1" name="test2" time="0.010">
    <system-out>
      <![CDATA[india]]>
    </system-out>
  </testcase> <!-- test2 -->
  <testcase classname="test.demo1" name="test1" time="0.022">
    <system-out>
      <![CDATA[hello]]>
    </system-out>
  </testcase> <!-- test1 -->
  <system-out>
    <![CDATA[hello
india]]>
  </system-out>
</testsuite> <!-- test.demo1 -->
