<?xml version="1.0" encoding="UTF-8"?>
<!-- Generated by org.testng.reporters.JUnitReportReporter -->
<testsuite hostname="Rutvik" failures="0" tests="2" name="test.Enabled" time="0.018" errors="0" timestamp="2023-12-12T16:53:00 IST" skipped="1">
  <testcase classname="test.Enabled" name="test2" time="0.018">
    <system-out>
      <![CDATA[India]]>
    </system-out>
  </testcase> <!-- test2 -->
  <testcase classname="test.Enabled" name="test1">
    <skipped/>
  </testcase> <!-- test1 -->
  <system-out>
    <![CDATA[India]]>
  </system-out>
</testsuite> <!-- test.Enabled -->
